<?xml version="1.0" encoding="UTF-8"?>
<testsuite xmlns:xsi="http://www.w3.org/2001/XMLSchema-instance" xsi:noNamespaceSchemaLocation="https://maven.apache.org/surefire/maven-surefire-plugin/xsd/surefire-test-report-3.0.xsd" version="3.0" name="com.ing.hubs.project.service.StudentServiceTest" time="0.058" tests="7" errors="0" skipped="0" failures="0">
  <properties>
[...]
</properties>
  <testcase name="shouldThrowUserExists" classname="com.ing.hubs.project.service.StudentServiceTest" time="0.011"/>
  <testcase name="shouldReturnStudentIfExists" classname="com.ing.hubs.project.service.StudentServiceTest" time="0.006"/>
  <testcase name="ShouldReturnAllStudents" classname="com.ing.hubs.project.service.StudentServiceTest" time="0.007"/>
  <testcase name="shouldThrowIfUserDoesntExist" classname="com.ing.hubs.project.service.StudentServiceTest" time="0.005"/>
  <testcase name="deleteShouldThrow" classname="com.ing.hubs.project.service.StudentServiceTest" time="0.005"/>
  <testcase name="shouldCreateNewStudent" classname="com.ing.hubs.project.service.StudentServiceTest" time="0.008"/>
  <testcase name="deleteShouldRemoveStudentIfExists" classname="com.ing.hubs.project.service.StudentServiceTest" time="0.003"/>
</testsuite>